0 info it worked if it ends with ok
1 verbose cli [ '/Users/Kikurage/.nvm/v0.11.16/bin/node',
1 verbose cli   '/Users/Kikurage/.nvm/v0.11.16/bin/npm',
1 verbose cli   'publish' ]
2 info using npm@2.3.0
3 info using node@v0.11.16
4 verbose publish [ '.' ]
5 silly cache add args [ '.', null ]
6 verbose cache add spec .
7 silly cache add parsed spec { raw: '.',
7 silly cache add   scope: null,
7 silly cache add   name: null,
7 silly cache add   rawSpec: '.',
7 silly cache add   spec: '/Users/Kikurage/workspace/gulp-compot',
7 silly cache add   type: 'directory' }
8 verbose addLocalDirectory /Users/Kikurage/.npm/gulp-compot/0.0.2/package.tgz not in flight; packing
9 verbose tar pack [ '/Users/Kikurage/.npm/gulp-compot/0.0.2/package.tgz',
9 verbose tar pack   '/Users/Kikurage/workspace/gulp-compot' ]
10 verbose tarball /Users/Kikurage/.npm/gulp-compot/0.0.2/package.tgz
11 verbose folder /Users/Kikurage/workspace/gulp-compot
12 info prepublish gulp-compot@0.0.2
13 verbose addLocalTarball adding from inside cache /Users/Kikurage/.npm/gulp-compot/0.0.2/package.tgz
14 silly cache afterAdd gulp-compot@0.0.2
15 verbose afterAdd /Users/Kikurage/.npm/gulp-compot/0.0.2/package/package.json not in flight; writing
16 verbose afterAdd /Users/Kikurage/.npm/gulp-compot/0.0.2/package/package.json written
17 silly publish { name: 'gulp-compot',
17 silly publish   version: '0.0.2',
17 silly publish   description: 'The gulp plugin of compot',
17 silly publish   main: 'index.js',
17 silly publish   scripts: { test: 'echo "Error: no test specified" && exit 1' },
17 silly publish   repository: { type: 'git', url: 'git@github.com:Kiikurage/gulp-compot.git' },
17 silly publish   author: { name: 'kikurage', email: 'y.kikura@gmail.com' },
17 silly publish   license: 'MIT',
17 silly publish   dependencies: { compot: '0.0.3', 'gulp-util': '^3.0.6', through2: '^2.0.0' },
17 silly publish   devDependencies: { compot: '0.0.3' },
17 silly publish   readme: '# gulp-compot\n\nThe gulp plugin of [compot](https://github.com/Kiikurage/compot).\n\n## usage\n\n```js\nvar compot = require(\'gulp-compot\');\n\ngulp.task(\'compot\', function(){\n    gulp.src(\'path/to/src\')\n        .pipe(compot())\n        .pipe(gulp.dest(\'path/to/dest\'));\n})\n```\n',
17 silly publish   readmeFilename: 'README.md',
17 silly publish   gitHead: '00d316cc0ce350f577255ebacf9f2b84fd20035d',
17 silly publish   bugs: { url: 'https://github.com/Kiikurage/gulp-compot/issues' },
17 silly publish   homepage: 'https://github.com/Kiikurage/gulp-compot',
17 silly publish   _id: 'gulp-compot@0.0.2',
17 silly publish   _shasum: '907beae6e162ab53c95f22429b063732ab30c403',
17 silly publish   _from: '.' }
18 silly mapToRegistry name gulp-compot
19 silly mapToRegistry using default registry
20 silly mapToRegistry registry https://registry.npmjs.org/
21 silly mapToRegistry uri https://registry.npmjs.org/gulp-compot
22 verbose publish registryBase https://registry.npmjs.org/
23 silly publish uploading /Users/Kikurage/.npm/gulp-compot/0.0.2/package.tgz
24 verbose request uri https://registry.npmjs.org/gulp-compot
25 verbose request sending authorization for write operation
26 info attempt registry request try #1 at 02:59:58
27 verbose request id 78b95442dffc65a9
28 http request PUT https://registry.npmjs.org/gulp-compot
29 http 403 https://registry.npmjs.org/gulp-compot
30 verbose headers { 'content-type': 'application/json',
30 verbose headers   'cache-control': 'max-age=60',
30 verbose headers   'content-length': '95',
30 verbose headers   'accept-ranges': 'bytes',
30 verbose headers   date: 'Mon, 21 Sep 2015 17:59:59 GMT',
30 verbose headers   via: '1.1 varnish',
30 verbose headers   connection: 'keep-alive',
30 verbose headers   'x-served-by': 'cache-nrt6120-NRT',
30 verbose headers   'x-cache': 'MISS',
30 verbose headers   'x-cache-hits': '0',
30 verbose headers   'x-timer': 'S1442858398.648692,VS0,VE629' }
31 verbose request invalidating /Users/Kikurage/.npm/registry.npmjs.org/gulp-compot on PUT
32 error publish Failed PUT 403
33 verbose stack Error: "You cannot publish over the previously published version 0.0.2." : gulp-compot
33 verbose stack     at CachingRegistryClient.<anonymous> (/Users/Kikurage/.nvm/v0.11.16/lib/node_modules/npm/node_modules/npm-registry-client/lib/request.js:254:14)
33 verbose stack     at Request._callback (/Users/Kikurage/.nvm/v0.11.16/lib/node_modules/npm/node_modules/npm-registry-client/lib/request.js:178:14)
33 verbose stack     at Request.self.callback (/Users/Kikurage/.nvm/v0.11.16/lib/node_modules/npm/node_modules/request/request.js:373:22)
33 verbose stack     at Request.emit (events.js:110:17)
33 verbose stack     at Request.<anonymous> (/Users/Kikurage/.nvm/v0.11.16/lib/node_modules/npm/node_modules/request/request.js:1318:14)
33 verbose stack     at Request.emit (events.js:129:20)
33 verbose stack     at IncomingMessage.<anonymous> (/Users/Kikurage/.nvm/v0.11.16/lib/node_modules/npm/node_modules/request/request.js:1266:12)
33 verbose stack     at IncomingMessage.emit (events.js:129:20)
33 verbose stack     at _stream_readable.js:908:16
33 verbose stack     at process._tickCallback (node.js:355:11)
34 verbose statusCode 403
35 verbose pkgid gulp-compot
36 verbose cwd /Users/Kikurage/workspace/gulp-compot
37 error Darwin 14.5.0
38 error argv "/Users/Kikurage/.nvm/v0.11.16/bin/node" "/Users/Kikurage/.nvm/v0.11.16/bin/npm" "publish"
39 error node v0.11.16
40 error npm  v2.3.0
41 error code E403
42 error "You cannot publish over the previously published version 0.0.2." : gulp-compot
43 error If you need help, you may report this error at:
43 error     <http://github.com/npm/npm/issues>
44 verbose exit [ 1, true ]
